<?xml version="1.0" encoding="UTF-8"?>
<testng-results skipped="0" failed="0" total="1" passed="1">
  <reporter-output>
  </reporter-output>
  <suite name="fbloginTest" duration-ms="15095" started-at="2015-10-21T16:04:29Z" finished-at="2015-10-21T16:04:45Z">
    <groups>
    </groups>
    <test name="Command line test" duration-ms="15095" started-at="2015-10-21T16:04:29Z" finished-at="2015-10-21T16:04:45Z">
      <class name="fbloginTest">
        <test-method status="PASS" signature="dologin()[pri:0, instance:fbloginTest@77b52d12]" name="dologin" duration-ms="15074" started-at="2015-10-21T09:04:29Z" finished-at="2015-10-21T09:04:45Z">
          <reporter-output>
          </reporter-output>
        </test-method> <!-- dologin -->
      </class> <!-- fbloginTest -->
    </test> <!-- Command line test -->
  </suite> <!-- fbloginTest -->
</testng-results>
